<?xml version="1.0" encoding="UTF-8"?>
<testsuite name="ru.avito.tech.qa.FavoriteTest" tests="1" skipped="0" failures="0" errors="0" timestamp="2023-08-31T17:09:05" hostname="NICK" time="12.875">
  <properties/>
  <testcase name="addingFavoriteItem()" classname="ru.avito.tech.qa.FavoriteTest" time="12.875"/>
  <system-out><![CDATA[]]></system-out>
  <system-err><![CDATA[SLF4J: Failed to load class "org.slf4j.impl.StaticLoggerBinder".
SLF4J: Defaulting to no-operation (NOP) logger implementation
SLF4J: See http://www.slf4j.org/codes.html#StaticLoggerBinder for further details.
авг. 31, 2023 8:09:08 PM org.openqa.selenium.devtools.CdpVersionFinder findNearestMatch
WARNING: Unable to find an exact match for CDP version 116, so returning the closest version found: 115
]]></system-err>
</testsuite>
